[29-Nov-2017 21:42:49 UTC] PHP Warning:  include(../../../inc/dbConnection.php): failed to open stream: No such file or directory in /home/ubuntu/workspace/adiaz/labs/lab9/api/getPetInfo.php on line 3
[29-Nov-2017 21:42:49 UTC] PHP Stack trace:
[29-Nov-2017 21:42:49 UTC] PHP   1. {main}() /home/ubuntu/workspace/adiaz/labs/lab9/api/getPetInfo.php:0
[29-Nov-2017 21:42:49 UTC] PHP Warning:  include(): Failed opening '../../../inc/dbConnection.php' for inclusion (include_path='.:/usr/share/php:/usr/share/pear') in /home/ubuntu/workspace/adiaz/labs/lab9/api/getPetInfo.php on line 3
[29-Nov-2017 21:42:49 UTC] PHP Stack trace:
[29-Nov-2017 21:42:49 UTC] PHP   1. {main}() /home/ubuntu/workspace/adiaz/labs/lab9/api/getPetInfo.php:0
[29-Nov-2017 21:42:49 UTC] PHP Fatal error:  Call to undefined function getDBConnection() in /home/ubuntu/workspace/adiaz/labs/lab9/api/getPetInfo.php on line 4
[29-Nov-2017 21:42:49 UTC] PHP Stack trace:
[29-Nov-2017 21:42:49 UTC] PHP   1. {main}() /home/ubuntu/workspace/adiaz/labs/lab9/api/getPetInfo.php:0
[29-Nov-2017 21:42:53 UTC] PHP Warning:  include(../../../inc/dbConnection.php): failed to open stream: No such file or directory in /home/ubuntu/workspace/adiaz/labs/lab9/api/getPetInfo.php on line 3
[29-Nov-2017 21:42:53 UTC] PHP Stack trace:
[29-Nov-2017 21:42:53 UTC] PHP   1. {main}() /home/ubuntu/workspace/adiaz/labs/lab9/api/getPetInfo.php:0
[29-Nov-2017 21:42:53 UTC] PHP Warning:  include(): Failed opening '../../../inc/dbConnection.php' for inclusion (include_path='.:/usr/share/php:/usr/share/pear') in /home/ubuntu/workspace/adiaz/labs/lab9/api/getPetInfo.php on line 3
[29-Nov-2017 21:42:53 UTC] PHP Stack trace:
[29-Nov-2017 21:42:53 UTC] PHP   1. {main}() /home/ubuntu/workspace/adiaz/labs/lab9/api/getPetInfo.php:0
[29-Nov-2017 21:42:53 UTC] PHP Fatal error:  Call to undefined function getDBConnection() in /home/ubuntu/workspace/adiaz/labs/lab9/api/getPetInfo.php on line 4
[29-Nov-2017 21:42:53 UTC] PHP Stack trace:
[29-Nov-2017 21:42:53 UTC] PHP   1. {main}() /home/ubuntu/workspace/adiaz/labs/lab9/api/getPetInfo.php:0
[29-Nov-2017 21:42:53 UTC] PHP Warning:  include(../../../inc/dbConnection.php): failed to open stream: No such file or directory in /home/ubuntu/workspace/adiaz/labs/lab9/api/getPetInfo.php on line 3
[29-Nov-2017 21:42:53 UTC] PHP Stack trace:
[29-Nov-2017 21:42:53 UTC] PHP   1. {main}() /home/ubuntu/workspace/adiaz/labs/lab9/api/getPetInfo.php:0
[29-Nov-2017 21:42:53 UTC] PHP Warning:  include(): Failed opening '../../../inc/dbConnection.php' for inclusion (include_path='.:/usr/share/php:/usr/share/pear') in /home/ubuntu/workspace/adiaz/labs/lab9/api/getPetInfo.php on line 3
[29-Nov-2017 21:42:53 UTC] PHP Stack trace:
[29-Nov-2017 21:42:53 UTC] PHP   1. {main}() /home/ubuntu/workspace/adiaz/labs/lab9/api/getPetInfo.php:0
[29-Nov-2017 21:42:53 UTC] PHP Fatal error:  Call to undefined function getDBConnection() in /home/ubuntu/workspace/adiaz/labs/lab9/api/getPetInfo.php on line 4
[29-Nov-2017 21:42:53 UTC] PHP Stack trace:
[29-Nov-2017 21:42:53 UTC] PHP   1. {main}() /home/ubuntu/workspace/adiaz/labs/lab9/api/getPetInfo.php:0
[29-Nov-2017 21:42:53 UTC] PHP Warning:  include(../../../inc/dbConnection.php): failed to open stream: No such file or directory in /home/ubuntu/workspace/adiaz/labs/lab9/api/getPetInfo.php on line 3
[29-Nov-2017 21:42:53 UTC] PHP Stack trace:
[29-Nov-2017 21:42:53 UTC] PHP   1. {main}() /home/ubuntu/workspace/adiaz/labs/lab9/api/getPetInfo.php:0
[29-Nov-2017 21:42:53 UTC] PHP Warning:  include(): Failed opening '../../../inc/dbConnection.php' for inclusion (include_path='.:/usr/share/php:/usr/share/pear') in /home/ubuntu/workspace/adiaz/labs/lab9/api/getPetInfo.php on line 3
[29-Nov-2017 21:42:53 UTC] PHP Stack trace:
[29-Nov-2017 21:42:53 UTC] PHP   1. {main}() /home/ubuntu/workspace/adiaz/labs/lab9/api/getPetInfo.php:0
[29-Nov-2017 21:42:53 UTC] PHP Fatal error:  Call to undefined function getDBConnection() in /home/ubuntu/workspace/adiaz/labs/lab9/api/getPetInfo.php on line 4
[29-Nov-2017 21:42:53 UTC] PHP Stack trace:
[29-Nov-2017 21:42:53 UTC] PHP   1. {main}() /home/ubuntu/workspace/adiaz/labs/lab9/api/getPetInfo.php:0
[29-Nov-2017 21:42:54 UTC] PHP Warning:  include(../../../inc/dbConnection.php): failed to open stream: No such file or directory in /home/ubuntu/workspace/adiaz/labs/lab9/api/getPetInfo.php on line 3
[29-Nov-2017 21:42:54 UTC] PHP Stack trace:
[29-Nov-2017 21:42:54 UTC] PHP   1. {main}() /home/ubuntu/workspace/adiaz/labs/lab9/api/getPetInfo.php:0
[29-Nov-2017 21:42:54 UTC] PHP Warning:  include(): Failed opening '../../../inc/dbConnection.php' for inclusion (include_path='.:/usr/share/php:/usr/share/pear') in /home/ubuntu/workspace/adiaz/labs/lab9/api/getPetInfo.php on line 3
[29-Nov-2017 21:42:54 UTC] PHP Stack trace:
[29-Nov-2017 21:42:54 UTC] PHP   1. {main}() /home/ubuntu/workspace/adiaz/labs/lab9/api/getPetInfo.php:0
[29-Nov-2017 21:42:54 UTC] PHP Fatal error:  Call to undefined function getDBConnection() in /home/ubuntu/workspace/adiaz/labs/lab9/api/getPetInfo.php on line 4
[29-Nov-2017 21:42:54 UTC] PHP Stack trace:
[29-Nov-2017 21:42:54 UTC] PHP   1. {main}() /home/ubuntu/workspace/adiaz/labs/lab9/api/getPetInfo.php:0
[29-Nov-2017 21:42:54 UTC] PHP Warning:  include(../../../inc/dbConnection.php): failed to open stream: No such file or directory in /home/ubuntu/workspace/adiaz/labs/lab9/api/getPetInfo.php on line 3
[29-Nov-2017 21:42:54 UTC] PHP Stack trace:
[29-Nov-2017 21:42:54 UTC] PHP   1. {main}() /home/ubuntu/workspace/adiaz/labs/lab9/api/getPetInfo.php:0
[29-Nov-2017 21:42:54 UTC] PHP Warning:  include(): Failed opening '../../../inc/dbConnection.php' for inclusion (include_path='.:/usr/share/php:/usr/share/pear') in /home/ubuntu/workspace/adiaz/labs/lab9/api/getPetInfo.php on line 3
[29-Nov-2017 21:42:54 UTC] PHP Stack trace:
[29-Nov-2017 21:42:54 UTC] PHP   1. {main}() /home/ubuntu/workspace/adiaz/labs/lab9/api/getPetInfo.php:0
[29-Nov-2017 21:42:54 UTC] PHP Fatal error:  Call to undefined function getDBConnection() in /home/ubuntu/workspace/adiaz/labs/lab9/api/getPetInfo.php on line 4
[29-Nov-2017 21:42:54 UTC] PHP Stack trace:
[29-Nov-2017 21:42:54 UTC] PHP   1. {main}() /home/ubuntu/workspace/adiaz/labs/lab9/api/getPetInfo.php:0
[29-Nov-2017 21:43:33 UTC] PHP Warning:  include(../../../inc/dbConnection.php): failed to open stream: No such file or directory in /home/ubuntu/workspace/adiaz/labs/lab9/api/getPetInfo.php on line 3
[29-Nov-2017 21:43:33 UTC] PHP Stack trace:
[29-Nov-2017 21:43:33 UTC] PHP   1. {main}() /home/ubuntu/workspace/adiaz/labs/lab9/api/getPetInfo.php:0
[29-Nov-2017 21:43:33 UTC] PHP Warning:  include(): Failed opening '../../../inc/dbConnection.php' for inclusion (include_path='.:/usr/share/php:/usr/share/pear') in /home/ubuntu/workspace/adiaz/labs/lab9/api/getPetInfo.php on line 3
[29-Nov-2017 21:43:33 UTC] PHP Stack trace:
[29-Nov-2017 21:43:33 UTC] PHP   1. {main}() /home/ubuntu/workspace/adiaz/labs/lab9/api/getPetInfo.php:0
[29-Nov-2017 21:43:33 UTC] PHP Fatal error:  Call to undefined function getDBConnection() in /home/ubuntu/workspace/adiaz/labs/lab9/api/getPetInfo.php on line 4
[29-Nov-2017 21:43:33 UTC] PHP Stack trace:
[29-Nov-2017 21:43:33 UTC] PHP   1. {main}() /home/ubuntu/workspace/adiaz/labs/lab9/api/getPetInfo.php:0
[29-Nov-2017 21:43:34 UTC] PHP Warning:  include(../../../inc/dbConnection.php): failed to open stream: No such file or directory in /home/ubuntu/workspace/adiaz/labs/lab9/api/getPetInfo.php on line 3
[29-Nov-2017 21:43:34 UTC] PHP Stack trace:
[29-Nov-2017 21:43:34 UTC] PHP   1. {main}() /home/ubuntu/workspace/adiaz/labs/lab9/api/getPetInfo.php:0
[29-Nov-2017 21:43:34 UTC] PHP Warning:  include(): Failed opening '../../../inc/dbConnection.php' for inclusion (include_path='.:/usr/share/php:/usr/share/pear') in /home/ubuntu/workspace/adiaz/labs/lab9/api/getPetInfo.php on line 3
[29-Nov-2017 21:43:34 UTC] PHP Stack trace:
[29-Nov-2017 21:43:34 UTC] PHP   1. {main}() /home/ubuntu/workspace/adiaz/labs/lab9/api/getPetInfo.php:0
[29-Nov-2017 21:43:34 UTC] PHP Fatal error:  Call to undefined function getDBConnection() in /home/ubuntu/workspace/adiaz/labs/lab9/api/getPetInfo.php on line 4
[29-Nov-2017 21:43:34 UTC] PHP Stack trace:
[29-Nov-2017 21:43:34 UTC] PHP   1. {main}() /home/ubuntu/workspace/adiaz/labs/lab9/api/getPetInfo.php:0
[29-Nov-2017 21:43:35 UTC] PHP Warning:  include(../../../inc/dbConnection.php): failed to open stream: No such file or directory in /home/ubuntu/workspace/adiaz/labs/lab9/api/getPetInfo.php on line 3
[29-Nov-2017 21:43:35 UTC] PHP Stack trace:
[29-Nov-2017 21:43:35 UTC] PHP   1. {main}() /home/ubuntu/workspace/adiaz/labs/lab9/api/getPetInfo.php:0
[29-Nov-2017 21:43:35 UTC] PHP Warning:  include(): Failed opening '../../../inc/dbConnection.php' for inclusion (include_path='.:/usr/share/php:/usr/share/pear') in /home/ubuntu/workspace/adiaz/labs/lab9/api/getPetInfo.php on line 3
[29-Nov-2017 21:43:35 UTC] PHP Stack trace:
[29-Nov-2017 21:43:35 UTC] PHP   1. {main}() /home/ubuntu/workspace/adiaz/labs/lab9/api/getPetInfo.php:0
[29-Nov-2017 21:43:35 UTC] PHP Fatal error:  Call to undefined function getDBConnection() in /home/ubuntu/workspace/adiaz/labs/lab9/api/getPetInfo.php on line 4
[29-Nov-2017 21:43:35 UTC] PHP Stack trace:
[29-Nov-2017 21:43:35 UTC] PHP   1. {main}() /home/ubuntu/workspace/adiaz/labs/lab9/api/getPetInfo.php:0
[29-Nov-2017 21:43:40 UTC] PHP Warning:  include(../../../inc/dbConnection.php): failed to open stream: No such file or directory in /home/ubuntu/workspace/adiaz/labs/lab9/api/getPetInfo.php on line 3
[29-Nov-2017 21:43:40 UTC] PHP Stack trace:
[29-Nov-2017 21:43:40 UTC] PHP   1. {main}() /home/ubuntu/workspace/adiaz/labs/lab9/api/getPetInfo.php:0
[29-Nov-2017 21:43:40 UTC] PHP Warning:  include(): Failed opening '../../../inc/dbConnection.php' for inclusion (include_path='.:/usr/share/php:/usr/share/pear') in /home/ubuntu/workspace/adiaz/labs/lab9/api/getPetInfo.php on line 3
[29-Nov-2017 21:43:40 UTC] PHP Stack trace:
[29-Nov-2017 21:43:40 UTC] PHP   1. {main}() /home/ubuntu/workspace/adiaz/labs/lab9/api/getPetInfo.php:0
[29-Nov-2017 21:43:40 UTC] PHP Fatal error:  Call to undefined function getDBConnection() in /home/ubuntu/workspace/adiaz/labs/lab9/api/getPetInfo.php on line 4
[29-Nov-2017 21:43:40 UTC] PHP Stack trace:
[29-Nov-2017 21:43:40 UTC] PHP   1. {main}() /home/ubuntu/workspace/adiaz/labs/lab9/api/getPetInfo.php:0
[29-Nov-2017 21:43:41 UTC] PHP Warning:  include(../../../inc/dbConnection.php): failed to open stream: No such file or directory in /home/ubuntu/workspace/adiaz/labs/lab9/api/getPetInfo.php on line 3
[29-Nov-2017 21:43:41 UTC] PHP Stack trace:
[29-Nov-2017 21:43:41 UTC] PHP   1. {main}() /home/ubuntu/workspace/adiaz/labs/lab9/api/getPetInfo.php:0
[29-Nov-2017 21:43:41 UTC] PHP Warning:  include(): Failed opening '../../../inc/dbConnection.php' for inclusion (include_path='.:/usr/share/php:/usr/share/pear') in /home/ubuntu/workspace/adiaz/labs/lab9/api/getPetInfo.php on line 3
[29-Nov-2017 21:43:41 UTC] PHP Stack trace:
[29-Nov-2017 21:43:41 UTC] PHP   1. {main}() /home/ubuntu/workspace/adiaz/labs/lab9/api/getPetInfo.php:0
[29-Nov-2017 21:43:41 UTC] PHP Fatal error:  Call to undefined function getDBConnection() in /home/ubuntu/workspace/adiaz/labs/lab9/api/getPetInfo.php on line 4
[29-Nov-2017 21:43:41 UTC] PHP Stack trace:
[29-Nov-2017 21:43:41 UTC] PHP   1. {main}() /home/ubuntu/workspace/adiaz/labs/lab9/api/getPetInfo.php:0
[29-Nov-2017 21:43:42 UTC] PHP Warning:  include(../../../inc/dbConnection.php): failed to open stream: No such file or directory in /home/ubuntu/workspace/adiaz/labs/lab9/api/getPetInfo.php on line 3
[29-Nov-2017 21:43:42 UTC] PHP Stack trace:
[29-Nov-2017 21:43:42 UTC] PHP   1. {main}() /home/ubuntu/workspace/adiaz/labs/lab9/api/getPetInfo.php:0
[29-Nov-2017 21:43:42 UTC] PHP Warning:  include(): Failed opening '../../../inc/dbConnection.php' for inclusion (include_path='.:/usr/share/php:/usr/share/pear') in /home/ubuntu/workspace/adiaz/labs/lab9/api/getPetInfo.php on line 3
[29-Nov-2017 21:43:42 UTC] PHP Stack trace:
[29-Nov-2017 21:43:42 UTC] PHP   1. {main}() /home/ubuntu/workspace/adiaz/labs/lab9/api/getPetInfo.php:0
[29-Nov-2017 21:43:42 UTC] PHP Fatal error:  Call to undefined function getDBConnection() in /home/ubuntu/workspace/adiaz/labs/lab9/api/getPetInfo.php on line 4
[29-Nov-2017 21:43:42 UTC] PHP Stack trace:
[29-Nov-2017 21:43:42 UTC] PHP   1. {main}() /home/ubuntu/workspace/adiaz/labs/lab9/api/getPetInfo.php:0
[29-Nov-2017 21:43:42 UTC] PHP Warning:  include(../../../inc/dbConnection.php): failed to open stream: No such file or directory in /home/ubuntu/workspace/adiaz/labs/lab9/api/getPetInfo.php on line 3
[29-Nov-2017 21:43:42 UTC] PHP Stack trace:
[29-Nov-2017 21:43:42 UTC] PHP   1. {main}() /home/ubuntu/workspace/adiaz/labs/lab9/api/getPetInfo.php:0
[29-Nov-2017 21:43:42 UTC] PHP Warning:  include(): Failed opening '../../../inc/dbConnection.php' for inclusion (include_path='.:/usr/share/php:/usr/share/pear') in /home/ubuntu/workspace/adiaz/labs/lab9/api/getPetInfo.php on line 3
[29-Nov-2017 21:43:42 UTC] PHP Stack trace:
[29-Nov-2017 21:43:42 UTC] PHP   1. {main}() /home/ubuntu/workspace/adiaz/labs/lab9/api/getPetInfo.php:0
[29-Nov-2017 21:43:42 UTC] PHP Fatal error:  Call to undefined function getDBConnection() in /home/ubuntu/workspace/adiaz/labs/lab9/api/getPetInfo.php on line 4
[29-Nov-2017 21:43:42 UTC] PHP Stack trace:
[29-Nov-2017 21:43:42 UTC] PHP   1. {main}() /home/ubuntu/workspace/adiaz/labs/lab9/api/getPetInfo.php:0
[29-Nov-2017 21:43:42 UTC] PHP Warning:  include(../../../inc/dbConnection.php): failed to open stream: No such file or directory in /home/ubuntu/workspace/adiaz/labs/lab9/api/getPetInfo.php on line 3
[29-Nov-2017 21:43:42 UTC] PHP Stack trace:
[29-Nov-2017 21:43:42 UTC] PHP   1. {main}() /home/ubuntu/workspace/adiaz/labs/lab9/api/getPetInfo.php:0
[29-Nov-2017 21:43:42 UTC] PHP Warning:  include(): Failed opening '../../../inc/dbConnection.php' for inclusion (include_path='.:/usr/share/php:/usr/share/pear') in /home/ubuntu/workspace/adiaz/labs/lab9/api/getPetInfo.php on line 3
[29-Nov-2017 21:43:42 UTC] PHP Stack trace:
[29-Nov-2017 21:43:42 UTC] PHP   1. {main}() /home/ubuntu/workspace/adiaz/labs/lab9/api/getPetInfo.php:0
[29-Nov-2017 21:43:42 UTC] PHP Fatal error:  Call to undefined function getDBConnection() in /home/ubuntu/workspace/adiaz/labs/lab9/api/getPetInfo.php on line 4
[29-Nov-2017 21:43:42 UTC] PHP Stack trace:
[29-Nov-2017 21:43:42 UTC] PHP   1. {main}() /home/ubuntu/workspace/adiaz/labs/lab9/api/getPetInfo.php:0
[29-Nov-2017 21:43:42 UTC] PHP Warning:  include(../../../inc/dbConnection.php): failed to open stream: No such file or directory in /home/ubuntu/workspace/adiaz/labs/lab9/api/getPetInfo.php on line 3
[29-Nov-2017 21:43:42 UTC] PHP Stack trace:
[29-Nov-2017 21:43:42 UTC] PHP   1. {main}() /home/ubuntu/workspace/adiaz/labs/lab9/api/getPetInfo.php:0
[29-Nov-2017 21:43:42 UTC] PHP Warning:  include(): Failed opening '../../../inc/dbConnection.php' for inclusion (include_path='.:/usr/share/php:/usr/share/pear') in /home/ubuntu/workspace/adiaz/labs/lab9/api/getPetInfo.php on line 3
[29-Nov-2017 21:43:42 UTC] PHP Stack trace:
[29-Nov-2017 21:43:42 UTC] PHP   1. {main}() /home/ubuntu/workspace/adiaz/labs/lab9/api/getPetInfo.php:0
[29-Nov-2017 21:43:42 UTC] PHP Fatal error:  Call to undefined function getDBConnection() in /home/ubuntu/workspace/adiaz/labs/lab9/api/getPetInfo.php on line 4
[29-Nov-2017 21:43:42 UTC] PHP Stack trace:
[29-Nov-2017 21:43:42 UTC] PHP   1. {main}() /home/ubuntu/workspace/adiaz/labs/lab9/api/getPetInfo.php:0
[29-Nov-2017 21:43:43 UTC] PHP Warning:  include(../../../inc/dbConnection.php): failed to open stream: No such file or directory in /home/ubuntu/workspace/adiaz/labs/lab9/api/getPetInfo.php on line 3
[29-Nov-2017 21:43:43 UTC] PHP Stack trace:
[29-Nov-2017 21:43:43 UTC] PHP   1. {main}() /home/ubuntu/workspace/adiaz/labs/lab9/api/getPetInfo.php:0
[29-Nov-2017 21:43:43 UTC] PHP Warning:  include(): Failed opening '../../../inc/dbConnection.php' for inclusion (include_path='.:/usr/share/php:/usr/share/pear') in /home/ubuntu/workspace/adiaz/labs/lab9/api/getPetInfo.php on line 3
[29-Nov-2017 21:43:43 UTC] PHP Stack trace:
[29-Nov-2017 21:43:43 UTC] PHP   1. {main}() /home/ubuntu/workspace/adiaz/labs/lab9/api/getPetInfo.php:0
[29-Nov-2017 21:43:43 UTC] PHP Fatal error:  Call to undefined function getDBConnection() in /home/ubuntu/workspace/adiaz/labs/lab9/api/getPetInfo.php on line 4
[29-Nov-2017 21:43:43 UTC] PHP Stack trace:
[29-Nov-2017 21:43:43 UTC] PHP   1. {main}() /home/ubuntu/workspace/adiaz/labs/lab9/api/getPetInfo.php:0
[29-Nov-2017 21:43:43 UTC] PHP Warning:  include(../../../inc/dbConnection.php): failed to open stream: No such file or directory in /home/ubuntu/workspace/adiaz/labs/lab9/api/getPetInfo.php on line 3
[29-Nov-2017 21:43:43 UTC] PHP Stack trace:
[29-Nov-2017 21:43:43 UTC] PHP   1. {main}() /home/ubuntu/workspace/adiaz/labs/lab9/api/getPetInfo.php:0
[29-Nov-2017 21:43:43 UTC] PHP Warning:  include(): Failed opening '../../../inc/dbConnection.php' for inclusion (include_path='.:/usr/share/php:/usr/share/pear') in /home/ubuntu/workspace/adiaz/labs/lab9/api/getPetInfo.php on line 3
[29-Nov-2017 21:43:43 UTC] PHP Stack trace:
[29-Nov-2017 21:43:43 UTC] PHP   1. {main}() /home/ubuntu/workspace/adiaz/labs/lab9/api/getPetInfo.php:0
[29-Nov-2017 21:43:43 UTC] PHP Fatal error:  Call to undefined function getDBConnection() in /home/ubuntu/workspace/adiaz/labs/lab9/api/getPetInfo.php on line 4
[29-Nov-2017 21:43:43 UTC] PHP Stack trace:
[29-Nov-2017 21:43:43 UTC] PHP   1. {main}() /home/ubuntu/workspace/adiaz/labs/lab9/api/getPetInfo.php:0
[29-Nov-2017 21:43:43 UTC] PHP Warning:  include(../../../inc/dbConnection.php): failed to open stream: No such file or directory in /home/ubuntu/workspace/adiaz/labs/lab9/api/getPetInfo.php on line 3
[29-Nov-2017 21:43:43 UTC] PHP Stack trace:
[29-Nov-2017 21:43:43 UTC] PHP   1. {main}() /home/ubuntu/workspace/adiaz/labs/lab9/api/getPetInfo.php:0
[29-Nov-2017 21:43:43 UTC] PHP Warning:  include(): Failed opening '../../../inc/dbConnection.php' for inclusion (include_path='.:/usr/share/php:/usr/share/pear') in /home/ubuntu/workspace/adiaz/labs/lab9/api/getPetInfo.php on line 3
[29-Nov-2017 21:43:43 UTC] PHP Stack trace:
[29-Nov-2017 21:43:43 UTC] PHP   1. {main}() /home/ubuntu/workspace/adiaz/labs/lab9/api/getPetInfo.php:0
[29-Nov-2017 21:43:43 UTC] PHP Fatal error:  Call to undefined function getDBConnection() in /home/ubuntu/workspace/adiaz/labs/lab9/api/getPetInfo.php on line 4
[29-Nov-2017 21:43:43 UTC] PHP Stack trace:
[29-Nov-2017 21:43:43 UTC] PHP   1. {main}() /home/ubuntu/workspace/adiaz/labs/lab9/api/getPetInfo.php:0
[29-Nov-2017 21:43:43 UTC] PHP Warning:  include(../../../inc/dbConnection.php): failed to open stream: No such file or directory in /home/ubuntu/workspace/adiaz/labs/lab9/api/getPetInfo.php on line 3
[29-Nov-2017 21:43:43 UTC] PHP Stack trace:
[29-Nov-2017 21:43:43 UTC] PHP   1. {main}() /home/ubuntu/workspace/adiaz/labs/lab9/api/getPetInfo.php:0
[29-Nov-2017 21:43:43 UTC] PHP Warning:  include(): Failed opening '../../../inc/dbConnection.php' for inclusion (include_path='.:/usr/share/php:/usr/share/pear') in /home/ubuntu/workspace/adiaz/labs/lab9/api/getPetInfo.php on line 3
[29-Nov-2017 21:43:43 UTC] PHP Stack trace:
[29-Nov-2017 21:43:43 UTC] PHP   1. {main}() /home/ubuntu/workspace/adiaz/labs/lab9/api/getPetInfo.php:0
[29-Nov-2017 21:43:43 UTC] PHP Fatal error:  Call to undefined function getDBConnection() in /home/ubuntu/workspace/adiaz/labs/lab9/api/getPetInfo.php on line 4
[29-Nov-2017 21:43:43 UTC] PHP Stack trace:
[29-Nov-2017 21:43:43 UTC] PHP   1. {main}() /home/ubuntu/workspace/adiaz/labs/lab9/api/getPetInfo.php:0
[29-Nov-2017 21:43:43 UTC] PHP Warning:  include(../../../inc/dbConnection.php): failed to open stream: No such file or directory in /home/ubuntu/workspace/adiaz/labs/lab9/api/getPetInfo.php on line 3
[29-Nov-2017 21:43:43 UTC] PHP Stack trace:
[29-Nov-2017 21:43:43 UTC] PHP   1. {main}() /home/ubuntu/workspace/adiaz/labs/lab9/api/getPetInfo.php:0
[29-Nov-2017 21:43:43 UTC] PHP Warning:  include(): Failed opening '../../../inc/dbConnection.php' for inclusion (include_path='.:/usr/share/php:/usr/share/pear') in /home/ubuntu/workspace/adiaz/labs/lab9/api/getPetInfo.php on line 3
[29-Nov-2017 21:43:43 UTC] PHP Stack trace:
[29-Nov-2017 21:43:43 UTC] PHP   1. {main}() /home/ubuntu/workspace/adiaz/labs/lab9/api/getPetInfo.php:0
[29-Nov-2017 21:43:43 UTC] PHP Fatal error:  Call to undefined function getDBConnection() in /home/ubuntu/workspace/adiaz/labs/lab9/api/getPetInfo.php on line 4
[29-Nov-2017 21:43:43 UTC] PHP Stack trace:
[29-Nov-2017 21:43:43 UTC] PHP   1. {main}() /home/ubuntu/workspace/adiaz/labs/lab9/api/getPetInfo.php:0
[29-Nov-2017 21:43:44 UTC] PHP Warning:  include(../../../inc/dbConnection.php): failed to open stream: No such file or directory in /home/ubuntu/workspace/adiaz/labs/lab9/api/getPetInfo.php on line 3
[29-Nov-2017 21:43:44 UTC] PHP Stack trace:
[29-Nov-2017 21:43:44 UTC] PHP   1. {main}() /home/ubuntu/workspace/adiaz/labs/lab9/api/getPetInfo.php:0
[29-Nov-2017 21:43:44 UTC] PHP Warning:  include(): Failed opening '../../../inc/dbConnection.php' for inclusion (include_path='.:/usr/share/php:/usr/share/pear') in /home/ubuntu/workspace/adiaz/labs/lab9/api/getPetInfo.php on line 3
[29-Nov-2017 21:43:44 UTC] PHP Stack trace:
[29-Nov-2017 21:43:44 UTC] PHP   1. {main}() /home/ubuntu/workspace/adiaz/labs/lab9/api/getPetInfo.php:0
[29-Nov-2017 21:43:44 UTC] PHP Fatal error:  Call to undefined function getDBConnection() in /home/ubuntu/workspace/adiaz/labs/lab9/api/getPetInfo.php on line 4
[29-Nov-2017 21:43:44 UTC] PHP Stack trace:
[29-Nov-2017 21:43:44 UTC] PHP   1. {main}() /home/ubuntu/workspace/adiaz/labs/lab9/api/getPetInfo.php:0
[29-Nov-2017 21:43:44 UTC] PHP Warning:  include(../../../inc/dbConnection.php): failed to open stream: No such file or directory in /home/ubuntu/workspace/adiaz/labs/lab9/api/getPetInfo.php on line 3
[29-Nov-2017 21:43:44 UTC] PHP Stack trace:
[29-Nov-2017 21:43:44 UTC] PHP   1. {main}() /home/ubuntu/workspace/adiaz/labs/lab9/api/getPetInfo.php:0
[29-Nov-2017 21:43:44 UTC] PHP Warning:  include(): Failed opening '../../../inc/dbConnection.php' for inclusion (include_path='.:/usr/share/php:/usr/share/pear') in /home/ubuntu/workspace/adiaz/labs/lab9/api/getPetInfo.php on line 3
[29-Nov-2017 21:43:44 UTC] PHP Stack trace:
[29-Nov-2017 21:43:44 UTC] PHP   1. {main}() /home/ubuntu/workspace/adiaz/labs/lab9/api/getPetInfo.php:0
[29-Nov-2017 21:43:44 UTC] PHP Fatal error:  Call to undefined function getDBConnection() in /home/ubuntu/workspace/adiaz/labs/lab9/api/getPetInfo.php on line 4
[29-Nov-2017 21:43:44 UTC] PHP Stack trace:
[29-Nov-2017 21:43:44 UTC] PHP   1. {main}() /home/ubuntu/workspace/adiaz/labs/lab9/api/getPetInfo.php:0
[29-Nov-2017 21:43:44 UTC] PHP Warning:  include(../../../inc/dbConnection.php): failed to open stream: No such file or directory in /home/ubuntu/workspace/adiaz/labs/lab9/api/getPetInfo.php on line 3
[29-Nov-2017 21:43:44 UTC] PHP Stack trace:
[29-Nov-2017 21:43:44 UTC] PHP   1. {main}() /home/ubuntu/workspace/adiaz/labs/lab9/api/getPetInfo.php:0
[29-Nov-2017 21:43:44 UTC] PHP Warning:  include(): Failed opening '../../../inc/dbConnection.php' for inclusion (include_path='.:/usr/share/php:/usr/share/pear') in /home/ubuntu/workspace/adiaz/labs/lab9/api/getPetInfo.php on line 3
[29-Nov-2017 21:43:44 UTC] PHP Stack trace:
[29-Nov-2017 21:43:44 UTC] PHP   1. {main}() /home/ubuntu/workspace/adiaz/labs/lab9/api/getPetInfo.php:0
[29-Nov-2017 21:43:44 UTC] PHP Fatal error:  Call to undefined function getDBConnection() in /home/ubuntu/workspace/adiaz/labs/lab9/api/getPetInfo.php on line 4
[29-Nov-2017 21:43:44 UTC] PHP Stack trace:
[29-Nov-2017 21:43:44 UTC] PHP   1. {main}() /home/ubuntu/workspace/adiaz/labs/lab9/api/getPetInfo.php:0
[29-Nov-2017 21:43:44 UTC] PHP Warning:  include(../../../inc/dbConnection.php): failed to open stream: No such file or directory in /home/ubuntu/workspace/adiaz/labs/lab9/api/getPetInfo.php on line 3
[29-Nov-2017 21:43:44 UTC] PHP Stack trace:
[29-Nov-2017 21:43:44 UTC] PHP   1. {main}() /home/ubuntu/workspace/adiaz/labs/lab9/api/getPetInfo.php:0
[29-Nov-2017 21:43:44 UTC] PHP Warning:  include(): Failed opening '../../../inc/dbConnection.php' for inclusion (include_path='.:/usr/share/php:/usr/share/pear') in /home/ubuntu/workspace/adiaz/labs/lab9/api/getPetInfo.php on line 3
[29-Nov-2017 21:43:44 UTC] PHP Stack trace:
[29-Nov-2017 21:43:44 UTC] PHP   1. {main}() /home/ubuntu/workspace/adiaz/labs/lab9/api/getPetInfo.php:0
[29-Nov-2017 21:43:44 UTC] PHP Fatal error:  Call to undefined function getDBConnection() in /home/ubuntu/workspace/adiaz/labs/lab9/api/getPetInfo.php on line 4
[29-Nov-2017 21:43:44 UTC] PHP Stack trace:
[29-Nov-2017 21:43:44 UTC] PHP   1. {main}() /home/ubuntu/workspace/adiaz/labs/lab9/api/getPetInfo.php:0
[29-Nov-2017 21:43:52 UTC] PHP Warning:  include(../../../inc/dbConnection.php): failed to open stream: No such file or directory in /home/ubuntu/workspace/adiaz/labs/lab9/api/getPetInfo.php on line 3
[29-Nov-2017 21:43:52 UTC] PHP Stack trace:
[29-Nov-2017 21:43:52 UTC] PHP   1. {main}() /home/ubuntu/workspace/adiaz/labs/lab9/api/getPetInfo.php:0
[29-Nov-2017 21:43:52 UTC] PHP Warning:  include(): Failed opening '../../../inc/dbConnection.php' for inclusion (include_path='.:/usr/share/php:/usr/share/pear') in /home/ubuntu/workspace/adiaz/labs/lab9/api/getPetInfo.php on line 3
[29-Nov-2017 21:43:52 UTC] PHP Stack trace:
[29-Nov-2017 21:43:52 UTC] PHP   1. {main}() /home/ubuntu/workspace/adiaz/labs/lab9/api/getPetInfo.php:0
[29-Nov-2017 21:43:52 UTC] PHP Fatal error:  Call to undefined function getDBConnection() in /home/ubuntu/workspace/adiaz/labs/lab9/api/getPetInfo.php on line 4
[29-Nov-2017 21:43:52 UTC] PHP Stack trace:
[29-Nov-2017 21:43:52 UTC] PHP   1. {main}() /home/ubuntu/workspace/adiaz/labs/lab9/api/getPetInfo.php:0
[29-Nov-2017 21:43:52 UTC] PHP Warning:  include(../../../inc/dbConnection.php): failed to open stream: No such file or directory in /home/ubuntu/workspace/adiaz/labs/lab9/api/getPetInfo.php on line 3
[29-Nov-2017 21:43:52 UTC] PHP Stack trace:
[29-Nov-2017 21:43:52 UTC] PHP   1. {main}() /home/ubuntu/workspace/adiaz/labs/lab9/api/getPetInfo.php:0
[29-Nov-2017 21:43:52 UTC] PHP Warning:  include(): Failed opening '../../../inc/dbConnection.php' for inclusion (include_path='.:/usr/share/php:/usr/share/pear') in /home/ubuntu/workspace/adiaz/labs/lab9/api/getPetInfo.php on line 3
[29-Nov-2017 21:43:52 UTC] PHP Stack trace:
[29-Nov-2017 21:43:52 UTC] PHP   1. {main}() /home/ubuntu/workspace/adiaz/labs/lab9/api/getPetInfo.php:0
[29-Nov-2017 21:43:52 UTC] PHP Fatal error:  Call to undefined function getDBConnection() in /home/ubuntu/workspace/adiaz/labs/lab9/api/getPetInfo.php on line 4
[29-Nov-2017 21:43:52 UTC] PHP Stack trace:
[29-Nov-2017 21:43:52 UTC] PHP   1. {main}() /home/ubuntu/workspace/adiaz/labs/lab9/api/getPetInfo.php:0
[29-Nov-2017 21:43:52 UTC] PHP Warning:  include(../../../inc/dbConnection.php): failed to open stream: No such file or directory in /home/ubuntu/workspace/adiaz/labs/lab9/api/getPetInfo.php on line 3
[29-Nov-2017 21:43:52 UTC] PHP Stack trace:
[29-Nov-2017 21:43:52 UTC] PHP   1. {main}() /home/ubuntu/workspace/adiaz/labs/lab9/api/getPetInfo.php:0
[29-Nov-2017 21:43:52 UTC] PHP Warning:  include(): Failed opening '../../../inc/dbConnection.php' for inclusion (include_path='.:/usr/share/php:/usr/share/pear') in /home/ubuntu/workspace/adiaz/labs/lab9/api/getPetInfo.php on line 3
[29-Nov-2017 21:43:52 UTC] PHP Stack trace:
[29-Nov-2017 21:43:52 UTC] PHP   1. {main}() /home/ubuntu/workspace/adiaz/labs/lab9/api/getPetInfo.php:0
[29-Nov-2017 21:43:52 UTC] PHP Fatal error:  Call to undefined function getDBConnection() in /home/ubuntu/workspace/adiaz/labs/lab9/api/getPetInfo.php on line 4
[29-Nov-2017 21:43:52 UTC] PHP Stack trace:
[29-Nov-2017 21:43:52 UTC] PHP   1. {main}() /home/ubuntu/workspace/adiaz/labs/lab9/api/getPetInfo.php:0
[29-Nov-2017 21:43:52 UTC] PHP Warning:  include(../../../inc/dbConnection.php): failed to open stream: No such file or directory in /home/ubuntu/workspace/adiaz/labs/lab9/api/getPetInfo.php on line 3
[29-Nov-2017 21:43:52 UTC] PHP Stack trace:
[29-Nov-2017 21:43:52 UTC] PHP   1. {main}() /home/ubuntu/workspace/adiaz/labs/lab9/api/getPetInfo.php:0
[29-Nov-2017 21:43:52 UTC] PHP Warning:  include(): Failed opening '../../../inc/dbConnection.php' for inclusion (include_path='.:/usr/share/php:/usr/share/pear') in /home/ubuntu/workspace/adiaz/labs/lab9/api/getPetInfo.php on line 3
[29-Nov-2017 21:43:52 UTC] PHP Stack trace:
[29-Nov-2017 21:43:52 UTC] PHP   1. {main}() /home/ubuntu/workspace/adiaz/labs/lab9/api/getPetInfo.php:0
[29-Nov-2017 21:43:52 UTC] PHP Fatal error:  Call to undefined function getDBConnection() in /home/ubuntu/workspace/adiaz/labs/lab9/api/getPetInfo.php on line 4
[29-Nov-2017 21:43:52 UTC] PHP Stack trace:
[29-Nov-2017 21:43:52 UTC] PHP   1. {main}() /home/ubuntu/workspace/adiaz/labs/lab9/api/getPetInfo.php:0
[29-Nov-2017 21:43:53 UTC] PHP Warning:  include(../../../inc/dbConnection.php): failed to open stream: No such file or directory in /home/ubuntu/workspace/adiaz/labs/lab9/api/getPetInfo.php on line 3
[29-Nov-2017 21:43:53 UTC] PHP Stack trace:
[29-Nov-2017 21:43:53 UTC] PHP   1. {main}() /home/ubuntu/workspace/adiaz/labs/lab9/api/getPetInfo.php:0
[29-Nov-2017 21:43:53 UTC] PHP Warning:  include(): Failed opening '../../../inc/dbConnection.php' for inclusion (include_path='.:/usr/share/php:/usr/share/pear') in /home/ubuntu/workspace/adiaz/labs/lab9/api/getPetInfo.php on line 3
[29-Nov-2017 21:43:53 UTC] PHP Stack trace:
[29-Nov-2017 21:43:53 UTC] PHP   1. {main}() /home/ubuntu/workspace/adiaz/labs/lab9/api/getPetInfo.php:0
[29-Nov-2017 21:43:53 UTC] PHP Fatal error:  Call to undefined function getDBConnection() in /home/ubuntu/workspace/adiaz/labs/lab9/api/getPetInfo.php on line 4
[29-Nov-2017 21:43:53 UTC] PHP Stack trace:
[29-Nov-2017 21:43:53 UTC] PHP   1. {main}() /home/ubuntu/workspace/adiaz/labs/lab9/api/getPetInfo.php:0
[29-Nov-2017 21:43:53 UTC] PHP Warning:  include(../../../inc/dbConnection.php): failed to open stream: No such file or directory in /home/ubuntu/workspace/adiaz/labs/lab9/api/getPetInfo.php on line 3
[29-Nov-2017 21:43:53 UTC] PHP Stack trace:
[29-Nov-2017 21:43:53 UTC] PHP   1. {main}() /home/ubuntu/workspace/adiaz/labs/lab9/api/getPetInfo.php:0
[29-Nov-2017 21:43:53 UTC] PHP Warning:  include(): Failed opening '../../../inc/dbConnection.php' for inclusion (include_path='.:/usr/share/php:/usr/share/pear') in /home/ubuntu/workspace/adiaz/labs/lab9/api/getPetInfo.php on line 3
[29-Nov-2017 21:43:53 UTC] PHP Stack trace:
[29-Nov-2017 21:43:53 UTC] PHP   1. {main}() /home/ubuntu/workspace/adiaz/labs/lab9/api/getPetInfo.php:0
[29-Nov-2017 21:43:53 UTC] PHP Fatal error:  Call to undefined function getDBConnection() in /home/ubuntu/workspace/adiaz/labs/lab9/api/getPetInfo.php on line 4
[29-Nov-2017 21:43:53 UTC] PHP Stack trace:
[29-Nov-2017 21:43:53 UTC] PHP   1. {main}() /home/ubuntu/workspace/adiaz/labs/lab9/api/getPetInfo.php:0
[29-Nov-2017 21:43:53 UTC] PHP Warning:  include(../../../inc/dbConnection.php): failed to open stream: No such file or directory in /home/ubuntu/workspace/adiaz/labs/lab9/api/getPetInfo.php on line 3
[29-Nov-2017 21:43:53 UTC] PHP Stack trace:
[29-Nov-2017 21:43:53 UTC] PHP   1. {main}() /home/ubuntu/workspace/adiaz/labs/lab9/api/getPetInfo.php:0
[29-Nov-2017 21:43:53 UTC] PHP Warning:  include(): Failed opening '../../../inc/dbConnection.php' for inclusion (include_path='.:/usr/share/php:/usr/share/pear') in /home/ubuntu/workspace/adiaz/labs/lab9/api/getPetInfo.php on line 3
[29-Nov-2017 21:43:53 UTC] PHP Stack trace:
[29-Nov-2017 21:43:53 UTC] PHP   1. {main}() /home/ubuntu/workspace/adiaz/labs/lab9/api/getPetInfo.php:0
[29-Nov-2017 21:43:53 UTC] PHP Fatal error:  Call to undefined function getDBConnection() in /home/ubuntu/workspace/adiaz/labs/lab9/api/getPetInfo.php on line 4
[29-Nov-2017 21:43:53 UTC] PHP Stack trace:
[29-Nov-2017 21:43:53 UTC] PHP   1. {main}() /home/ubuntu/workspace/adiaz/labs/lab9/api/getPetInfo.php:0
[29-Nov-2017 21:43:53 UTC] PHP Warning:  include(../../../inc/dbConnection.php): failed to open stream: No such file or directory in /home/ubuntu/workspace/adiaz/labs/lab9/api/getPetInfo.php on line 3
[29-Nov-2017 21:43:53 UTC] PHP Stack trace:
[29-Nov-2017 21:43:53 UTC] PHP   1. {main}() /home/ubuntu/workspace/adiaz/labs/lab9/api/getPetInfo.php:0
[29-Nov-2017 21:43:53 UTC] PHP Warning:  include(): Failed opening '../../../inc/dbConnection.php' for inclusion (include_path='.:/usr/share/php:/usr/share/pear') in /home/ubuntu/workspace/adiaz/labs/lab9/api/getPetInfo.php on line 3
[29-Nov-2017 21:43:53 UTC] PHP Stack trace:
[29-Nov-2017 21:43:53 UTC] PHP   1. {main}() /home/ubuntu/workspace/adiaz/labs/lab9/api/getPetInfo.php:0
[29-Nov-2017 21:43:53 UTC] PHP Fatal error:  Call to undefined function getDBConnection() in /home/ubuntu/workspace/adiaz/labs/lab9/api/getPetInfo.php on line 4
[29-Nov-2017 21:43:53 UTC] PHP Stack trace:
[29-Nov-2017 21:43:53 UTC] PHP   1. {main}() /home/ubuntu/workspace/adiaz/labs/lab9/api/getPetInfo.php:0
[29-Nov-2017 21:43:54 UTC] PHP Warning:  include(../../../inc/dbConnection.php): failed to open stream: No such file or directory in /home/ubuntu/workspace/adiaz/labs/lab9/api/getPetInfo.php on line 3
[29-Nov-2017 21:43:54 UTC] PHP Stack trace:
[29-Nov-2017 21:43:54 UTC] PHP   1. {main}() /home/ubuntu/workspace/adiaz/labs/lab9/api/getPetInfo.php:0
[29-Nov-2017 21:43:54 UTC] PHP Warning:  include(): Failed opening '../../../inc/dbConnection.php' for inclusion (include_path='.:/usr/share/php:/usr/share/pear') in /home/ubuntu/workspace/adiaz/labs/lab9/api/getPetInfo.php on line 3
[29-Nov-2017 21:43:54 UTC] PHP Stack trace:
[29-Nov-2017 21:43:54 UTC] PHP   1. {main}() /home/ubuntu/workspace/adiaz/labs/lab9/api/getPetInfo.php:0
[29-Nov-2017 21:43:54 UTC] PHP Fatal error:  Call to undefined function getDBConnection() in /home/ubuntu/workspace/adiaz/labs/lab9/api/getPetInfo.php on line 4
[29-Nov-2017 21:43:54 UTC] PHP Stack trace:
[29-Nov-2017 21:43:54 UTC] PHP   1. {main}() /home/ubuntu/workspace/adiaz/labs/lab9/api/getPetInfo.php:0
[29-Nov-2017 21:44:01 UTC] PHP Warning:  include(../../../inc/dbConnection.php): failed to open stream: No such file or directory in /home/ubuntu/workspace/adiaz/labs/lab9/api/getPetInfo.php on line 3
[29-Nov-2017 21:44:01 UTC] PHP Stack trace:
[29-Nov-2017 21:44:01 UTC] PHP   1. {main}() /home/ubuntu/workspace/adiaz/labs/lab9/api/getPetInfo.php:0
[29-Nov-2017 21:44:01 UTC] PHP Warning:  include(): Failed opening '../../../inc/dbConnection.php' for inclusion (include_path='.:/usr/share/php:/usr/share/pear') in /home/ubuntu/workspace/adiaz/labs/lab9/api/getPetInfo.php on line 3
[29-Nov-2017 21:44:01 UTC] PHP Stack trace:
[29-Nov-2017 21:44:01 UTC] PHP   1. {main}() /home/ubuntu/workspace/adiaz/labs/lab9/api/getPetInfo.php:0
[29-Nov-2017 21:44:01 UTC] PHP Fatal error:  Call to undefined function getDBConnection() in /home/ubuntu/workspace/adiaz/labs/lab9/api/getPetInfo.php on line 4
[29-Nov-2017 21:44:01 UTC] PHP Stack trace:
[29-Nov-2017 21:44:01 UTC] PHP   1. {main}() /home/ubuntu/workspace/adiaz/labs/lab9/api/getPetInfo.php:0
[29-Nov-2017 21:44:56 UTC] PHP Warning:  include(../../../inc/dbConnection.php): failed to open stream: No such file or directory in /home/ubuntu/workspace/adiaz/labs/lab9/api/getPetInfo.php on line 3
[29-Nov-2017 21:44:56 UTC] PHP Stack trace:
[29-Nov-2017 21:44:56 UTC] PHP   1. {main}() /home/ubuntu/workspace/adiaz/labs/lab9/api/getPetInfo.php:0
[29-Nov-2017 21:44:56 UTC] PHP Warning:  include(): Failed opening '../../../inc/dbConnection.php' for inclusion (include_path='.:/usr/share/php:/usr/share/pear') in /home/ubuntu/workspace/adiaz/labs/lab9/api/getPetInfo.php on line 3
[29-Nov-2017 21:44:56 UTC] PHP Stack trace:
[29-Nov-2017 21:44:56 UTC] PHP   1. {main}() /home/ubuntu/workspace/adiaz/labs/lab9/api/getPetInfo.php:0
[29-Nov-2017 21:44:56 UTC] PHP Fatal error:  Call to undefined function getDBConnection() in /home/ubuntu/workspace/adiaz/labs/lab9/api/getPetInfo.php on line 4
[29-Nov-2017 21:44:56 UTC] PHP Stack trace:
[29-Nov-2017 21:44:56 UTC] PHP   1. {main}() /home/ubuntu/workspace/adiaz/labs/lab9/api/getPetInfo.php:0
