[13-Sep-2017 19:22:04 UTC] PHP Warning:  disk_free_space(): No such file or directory in /home/ubuntu/workspace/adiaz/practice/array.php on line 12
[13-Sep-2017 19:22:04 UTC] PHP Stack trace:
[13-Sep-2017 19:22:04 UTC] PHP   1. {main}() /home/ubuntu/workspace/adiaz/practice/array.php:0
[13-Sep-2017 19:22:04 UTC] PHP   2. disk_free_space() /home/ubuntu/workspace/adiaz/practice/array.php:12
[13-Sep-2017 19:22:05 UTC] PHP Warning:  disk_free_space(): No such file or directory in /home/ubuntu/workspace/adiaz/practice/array.php on line 12
[13-Sep-2017 19:22:05 UTC] PHP Stack trace:
[13-Sep-2017 19:22:05 UTC] PHP   1. {main}() /home/ubuntu/workspace/adiaz/practice/array.php:0
[13-Sep-2017 19:22:05 UTC] PHP   2. disk_free_space() /home/ubuntu/workspace/adiaz/practice/array.php:12
[13-Sep-2017 19:22:08 UTC] PHP Warning:  disk_free_space(): No such file or directory in /home/ubuntu/workspace/adiaz/practice/array.php on line 12
[13-Sep-2017 19:22:08 UTC] PHP Stack trace:
[13-Sep-2017 19:22:08 UTC] PHP   1. {main}() /home/ubuntu/workspace/adiaz/practice/array.php:0
[13-Sep-2017 19:22:08 UTC] PHP   2. disk_free_space() /home/ubuntu/workspace/adiaz/practice/array.php:12
[13-Sep-2017 19:22:46 UTC] PHP Warning:  disk_free_space(): No such file or directory in /home/ubuntu/workspace/adiaz/practice/array.php on line 12
[13-Sep-2017 19:22:46 UTC] PHP Stack trace:
[13-Sep-2017 19:22:46 UTC] PHP   1. {main}() /home/ubuntu/workspace/adiaz/practice/array.php:0
[13-Sep-2017 19:22:46 UTC] PHP   2. disk_free_space() /home/ubuntu/workspace/adiaz/practice/array.php:12
[13-Sep-2017 19:22:46 UTC] PHP Warning:  disk_free_space(): No such file or directory in /home/ubuntu/workspace/adiaz/practice/array.php on line 12
[13-Sep-2017 19:22:46 UTC] PHP Stack trace:
[13-Sep-2017 19:22:46 UTC] PHP   1. {main}() /home/ubuntu/workspace/adiaz/practice/array.php:0
[13-Sep-2017 19:22:46 UTC] PHP   2. disk_free_space() /home/ubuntu/workspace/adiaz/practice/array.php:12
[13-Sep-2017 19:22:47 UTC] PHP Warning:  disk_free_space(): No such file or directory in /home/ubuntu/workspace/adiaz/practice/array.php on line 12
[13-Sep-2017 19:22:47 UTC] PHP Stack trace:
[13-Sep-2017 19:22:47 UTC] PHP   1. {main}() /home/ubuntu/workspace/adiaz/practice/array.php:0
[13-Sep-2017 19:22:47 UTC] PHP   2. disk_free_space() /home/ubuntu/workspace/adiaz/practice/array.php:12
[13-Sep-2017 19:22:47 UTC] PHP Warning:  disk_free_space(): No such file or directory in /home/ubuntu/workspace/adiaz/practice/array.php on line 12
[13-Sep-2017 19:22:47 UTC] PHP Stack trace:
[13-Sep-2017 19:22:47 UTC] PHP   1. {main}() /home/ubuntu/workspace/adiaz/practice/array.php:0
[13-Sep-2017 19:22:47 UTC] PHP   2. disk_free_space() /home/ubuntu/workspace/adiaz/practice/array.php:12
[13-Sep-2017 19:22:47 UTC] PHP Warning:  disk_free_space(): No such file or directory in /home/ubuntu/workspace/adiaz/practice/array.php on line 12
[13-Sep-2017 19:22:47 UTC] PHP Stack trace:
[13-Sep-2017 19:22:47 UTC] PHP   1. {main}() /home/ubuntu/workspace/adiaz/practice/array.php:0
[13-Sep-2017 19:22:47 UTC] PHP   2. disk_free_space() /home/ubuntu/workspace/adiaz/practice/array.php:12
[13-Sep-2017 19:22:47 UTC] PHP Warning:  disk_free_space(): No such file or directory in /home/ubuntu/workspace/adiaz/practice/array.php on line 12
[13-Sep-2017 19:22:47 UTC] PHP Stack trace:
[13-Sep-2017 19:22:47 UTC] PHP   1. {main}() /home/ubuntu/workspace/adiaz/practice/array.php:0
[13-Sep-2017 19:22:47 UTC] PHP   2. disk_free_space() /home/ubuntu/workspace/adiaz/practice/array.php:12
[13-Sep-2017 19:23:08 UTC] PHP Warning:  disk_free_space(): No such file or directory in /home/ubuntu/workspace/adiaz/practice/array.php on line 12
[13-Sep-2017 19:23:08 UTC] PHP Stack trace:
[13-Sep-2017 19:23:08 UTC] PHP   1. {main}() /home/ubuntu/workspace/adiaz/practice/array.php:0
[13-Sep-2017 19:23:08 UTC] PHP   2. disk_free_space() /home/ubuntu/workspace/adiaz/practice/array.php:12
[13-Sep-2017 19:23:09 UTC] PHP Warning:  disk_free_space(): No such file or directory in /home/ubuntu/workspace/adiaz/practice/array.php on line 12
[13-Sep-2017 19:23:09 UTC] PHP Stack trace:
[13-Sep-2017 19:23:09 UTC] PHP   1. {main}() /home/ubuntu/workspace/adiaz/practice/array.php:0
[13-Sep-2017 19:23:09 UTC] PHP   2. disk_free_space() /home/ubuntu/workspace/adiaz/practice/array.php:12
[13-Sep-2017 19:23:09 UTC] PHP Warning:  disk_free_space(): No such file or directory in /home/ubuntu/workspace/adiaz/practice/array.php on line 12
[13-Sep-2017 19:23:09 UTC] PHP Stack trace:
[13-Sep-2017 19:23:09 UTC] PHP   1. {main}() /home/ubuntu/workspace/adiaz/practice/array.php:0
[13-Sep-2017 19:23:09 UTC] PHP   2. disk_free_space() /home/ubuntu/workspace/adiaz/practice/array.php:12
[13-Sep-2017 19:23:09 UTC] PHP Warning:  disk_free_space(): No such file or directory in /home/ubuntu/workspace/adiaz/practice/array.php on line 12
[13-Sep-2017 19:23:09 UTC] PHP Stack trace:
[13-Sep-2017 19:23:09 UTC] PHP   1. {main}() /home/ubuntu/workspace/adiaz/practice/array.php:0
[13-Sep-2017 19:23:09 UTC] PHP   2. disk_free_space() /home/ubuntu/workspace/adiaz/practice/array.php:12
[13-Sep-2017 19:23:09 UTC] PHP Warning:  disk_free_space(): No such file or directory in /home/ubuntu/workspace/adiaz/practice/array.php on line 12
[13-Sep-2017 19:23:09 UTC] PHP Stack trace:
[13-Sep-2017 19:23:09 UTC] PHP   1. {main}() /home/ubuntu/workspace/adiaz/practice/array.php:0
[13-Sep-2017 19:23:09 UTC] PHP   2. disk_free_space() /home/ubuntu/workspace/adiaz/practice/array.php:12
[13-Sep-2017 19:23:09 UTC] PHP Warning:  disk_free_space(): No such file or directory in /home/ubuntu/workspace/adiaz/practice/array.php on line 12
[13-Sep-2017 19:23:09 UTC] PHP Stack trace:
[13-Sep-2017 19:23:09 UTC] PHP   1. {main}() /home/ubuntu/workspace/adiaz/practice/array.php:0
[13-Sep-2017 19:23:09 UTC] PHP   2. disk_free_space() /home/ubuntu/workspace/adiaz/practice/array.php:12
[13-Sep-2017 19:23:10 UTC] PHP Warning:  disk_free_space(): No such file or directory in /home/ubuntu/workspace/adiaz/practice/array.php on line 12
[13-Sep-2017 19:23:10 UTC] PHP Stack trace:
[13-Sep-2017 19:23:10 UTC] PHP   1. {main}() /home/ubuntu/workspace/adiaz/practice/array.php:0
[13-Sep-2017 19:23:10 UTC] PHP   2. disk_free_space() /home/ubuntu/workspace/adiaz/practice/array.php:12
[13-Sep-2017 19:23:11 UTC] PHP Warning:  disk_free_space(): No such file or directory in /home/ubuntu/workspace/adiaz/practice/array.php on line 12
[13-Sep-2017 19:23:11 UTC] PHP Stack trace:
[13-Sep-2017 19:23:11 UTC] PHP   1. {main}() /home/ubuntu/workspace/adiaz/practice/array.php:0
[13-Sep-2017 19:23:11 UTC] PHP   2. disk_free_space() /home/ubuntu/workspace/adiaz/practice/array.php:12
[13-Sep-2017 19:30:39 UTC] PHP Parse error:  syntax error, unexpected ')', expecting ';' in /home/ubuntu/workspace/adiaz/practice/array.php on line 17
[13-Sep-2017 19:30:40 UTC] PHP Parse error:  syntax error, unexpected ')', expecting ';' in /home/ubuntu/workspace/adiaz/practice/array.php on line 17
[13-Sep-2017 19:30:41 UTC] PHP Parse error:  syntax error, unexpected ')', expecting ';' in /home/ubuntu/workspace/adiaz/practice/array.php on line 17
[13-Sep-2017 19:43:42 UTC] PHP Warning:  array_values() expects parameter 1 to be array, null given in /home/ubuntu/workspace/adiaz/practice/array.php on line 42
[13-Sep-2017 19:43:42 UTC] PHP Stack trace:
[13-Sep-2017 19:43:42 UTC] PHP   1. {main}() /home/ubuntu/workspace/adiaz/practice/array.php:0
[13-Sep-2017 19:43:42 UTC] PHP   2. array_values() /home/ubuntu/workspace/adiaz/practice/array.php:42
[13-Sep-2017 19:43:42 UTC] PHP Warning:  array_values() expects parameter 1 to be array, null given in /home/ubuntu/workspace/adiaz/practice/array.php on line 42
[13-Sep-2017 19:43:42 UTC] PHP Stack trace:
[13-Sep-2017 19:43:42 UTC] PHP   1. {main}() /home/ubuntu/workspace/adiaz/practice/array.php:0
[13-Sep-2017 19:43:42 UTC] PHP   2. array_values() /home/ubuntu/workspace/adiaz/practice/array.php:42
[13-Sep-2017 19:43:42 UTC] PHP Warning:  array_values() expects parameter 1 to be array, null given in /home/ubuntu/workspace/adiaz/practice/array.php on line 42
[13-Sep-2017 19:43:42 UTC] PHP Stack trace:
[13-Sep-2017 19:43:42 UTC] PHP   1. {main}() /home/ubuntu/workspace/adiaz/practice/array.php:0
[13-Sep-2017 19:43:42 UTC] PHP   2. array_values() /home/ubuntu/workspace/adiaz/practice/array.php:42
[13-Sep-2017 19:43:42 UTC] PHP Warning:  array_values() expects parameter 1 to be array, null given in /home/ubuntu/workspace/adiaz/practice/array.php on line 42
[13-Sep-2017 19:43:42 UTC] PHP Stack trace:
[13-Sep-2017 19:43:42 UTC] PHP   1. {main}() /home/ubuntu/workspace/adiaz/practice/array.php:0
[13-Sep-2017 19:43:42 UTC] PHP   2. array_values() /home/ubuntu/workspace/adiaz/practice/array.php:42
[13-Sep-2017 19:43:42 UTC] PHP Warning:  array_values() expects parameter 1 to be array, null given in /home/ubuntu/workspace/adiaz/practice/array.php on line 42
[13-Sep-2017 19:43:42 UTC] PHP Stack trace:
[13-Sep-2017 19:43:42 UTC] PHP   1. {main}() /home/ubuntu/workspace/adiaz/practice/array.php:0
[13-Sep-2017 19:43:42 UTC] PHP   2. array_values() /home/ubuntu/workspace/adiaz/practice/array.php:42
[13-Sep-2017 19:43:42 UTC] PHP Warning:  array_values() expects parameter 1 to be array, null given in /home/ubuntu/workspace/adiaz/practice/array.php on line 42
[13-Sep-2017 19:43:42 UTC] PHP Stack trace:
[13-Sep-2017 19:43:42 UTC] PHP   1. {main}() /home/ubuntu/workspace/adiaz/practice/array.php:0
[13-Sep-2017 19:43:42 UTC] PHP   2. array_values() /home/ubuntu/workspace/adiaz/practice/array.php:42
[13-Sep-2017 19:43:43 UTC] PHP Warning:  array_values() expects parameter 1 to be array, null given in /home/ubuntu/workspace/adiaz/practice/array.php on line 42
[13-Sep-2017 19:43:43 UTC] PHP Stack trace:
[13-Sep-2017 19:43:43 UTC] PHP   1. {main}() /home/ubuntu/workspace/adiaz/practice/array.php:0
[13-Sep-2017 19:43:43 UTC] PHP   2. array_values() /home/ubuntu/workspace/adiaz/practice/array.php:42
[13-Sep-2017 19:43:43 UTC] PHP Warning:  array_values() expects parameter 1 to be array, null given in /home/ubuntu/workspace/adiaz/practice/array.php on line 42
[13-Sep-2017 19:43:43 UTC] PHP Stack trace:
[13-Sep-2017 19:43:43 UTC] PHP   1. {main}() /home/ubuntu/workspace/adiaz/practice/array.php:0
[13-Sep-2017 19:43:43 UTC] PHP   2. array_values() /home/ubuntu/workspace/adiaz/practice/array.php:42
[13-Sep-2017 19:43:43 UTC] PHP Warning:  array_values() expects parameter 1 to be array, null given in /home/ubuntu/workspace/adiaz/practice/array.php on line 42
[13-Sep-2017 19:43:43 UTC] PHP Stack trace:
[13-Sep-2017 19:43:43 UTC] PHP   1. {main}() /home/ubuntu/workspace/adiaz/practice/array.php:0
[13-Sep-2017 19:43:43 UTC] PHP   2. array_values() /home/ubuntu/workspace/adiaz/practice/array.php:42
[13-Sep-2017 19:43:43 UTC] PHP Warning:  array_values() expects parameter 1 to be array, null given in /home/ubuntu/workspace/adiaz/practice/array.php on line 42
[13-Sep-2017 19:43:43 UTC] PHP Stack trace:
[13-Sep-2017 19:43:43 UTC] PHP   1. {main}() /home/ubuntu/workspace/adiaz/practice/array.php:0
[13-Sep-2017 19:43:43 UTC] PHP   2. array_values() /home/ubuntu/workspace/adiaz/practice/array.php:42
[13-Sep-2017 19:43:43 UTC] PHP Warning:  array_values() expects parameter 1 to be array, null given in /home/ubuntu/workspace/adiaz/practice/array.php on line 42
[13-Sep-2017 19:43:43 UTC] PHP Stack trace:
[13-Sep-2017 19:43:43 UTC] PHP   1. {main}() /home/ubuntu/workspace/adiaz/practice/array.php:0
[13-Sep-2017 19:43:43 UTC] PHP   2. array_values() /home/ubuntu/workspace/adiaz/practice/array.php:42
[13-Sep-2017 19:43:43 UTC] PHP Warning:  array_values() expects parameter 1 to be array, null given in /home/ubuntu/workspace/adiaz/practice/array.php on line 42
[13-Sep-2017 19:43:43 UTC] PHP Stack trace:
[13-Sep-2017 19:43:43 UTC] PHP   1. {main}() /home/ubuntu/workspace/adiaz/practice/array.php:0
[13-Sep-2017 19:43:43 UTC] PHP   2. array_values() /home/ubuntu/workspace/adiaz/practice/array.php:42
[13-Sep-2017 19:43:44 UTC] PHP Warning:  array_values() expects parameter 1 to be array, null given in /home/ubuntu/workspace/adiaz/practice/array.php on line 42
[13-Sep-2017 19:43:44 UTC] PHP Stack trace:
[13-Sep-2017 19:43:44 UTC] PHP   1. {main}() /home/ubuntu/workspace/adiaz/practice/array.php:0
[13-Sep-2017 19:43:44 UTC] PHP   2. array_values() /home/ubuntu/workspace/adiaz/practice/array.php:42
[13-Sep-2017 19:43:44 UTC] PHP Warning:  array_values() expects parameter 1 to be array, null given in /home/ubuntu/workspace/adiaz/practice/array.php on line 42
[13-Sep-2017 19:43:44 UTC] PHP Stack trace:
[13-Sep-2017 19:43:44 UTC] PHP   1. {main}() /home/ubuntu/workspace/adiaz/practice/array.php:0
[13-Sep-2017 19:43:44 UTC] PHP   2. array_values() /home/ubuntu/workspace/adiaz/practice/array.php:42
[13-Sep-2017 19:43:44 UTC] PHP Warning:  array_values() expects parameter 1 to be array, null given in /home/ubuntu/workspace/adiaz/practice/array.php on line 42
[13-Sep-2017 19:43:44 UTC] PHP Stack trace:
[13-Sep-2017 19:43:44 UTC] PHP   1. {main}() /home/ubuntu/workspace/adiaz/practice/array.php:0
[13-Sep-2017 19:43:44 UTC] PHP   2. array_values() /home/ubuntu/workspace/adiaz/practice/array.php:42
[13-Sep-2017 19:43:44 UTC] PHP Warning:  array_values() expects parameter 1 to be array, null given in /home/ubuntu/workspace/adiaz/practice/array.php on line 42
[13-Sep-2017 19:43:44 UTC] PHP Stack trace:
[13-Sep-2017 19:43:44 UTC] PHP   1. {main}() /home/ubuntu/workspace/adiaz/practice/array.php:0
[13-Sep-2017 19:43:44 UTC] PHP   2. array_values() /home/ubuntu/workspace/adiaz/practice/array.php:42
[13-Sep-2017 19:43:44 UTC] PHP Warning:  array_values() expects parameter 1 to be array, null given in /home/ubuntu/workspace/adiaz/practice/array.php on line 42
[13-Sep-2017 19:43:44 UTC] PHP Stack trace:
[13-Sep-2017 19:43:44 UTC] PHP   1. {main}() /home/ubuntu/workspace/adiaz/practice/array.php:0
[13-Sep-2017 19:43:44 UTC] PHP   2. array_values() /home/ubuntu/workspace/adiaz/practice/array.php:42
[13-Sep-2017 19:43:44 UTC] PHP Warning:  array_values() expects parameter 1 to be array, null given in /home/ubuntu/workspace/adiaz/practice/array.php on line 42
[13-Sep-2017 19:43:44 UTC] PHP Stack trace:
[13-Sep-2017 19:43:44 UTC] PHP   1. {main}() /home/ubuntu/workspace/adiaz/practice/array.php:0
[13-Sep-2017 19:43:44 UTC] PHP   2. array_values() /home/ubuntu/workspace/adiaz/practice/array.php:42
[13-Sep-2017 19:43:44 UTC] PHP Warning:  array_values() expects parameter 1 to be array, null given in /home/ubuntu/workspace/adiaz/practice/array.php on line 42
[13-Sep-2017 19:43:44 UTC] PHP Stack trace:
[13-Sep-2017 19:43:44 UTC] PHP   1. {main}() /home/ubuntu/workspace/adiaz/practice/array.php:0
[13-Sep-2017 19:43:44 UTC] PHP   2. array_values() /home/ubuntu/workspace/adiaz/practice/array.php:42
[13-Sep-2017 19:43:44 UTC] PHP Warning:  array_values() expects parameter 1 to be array, null given in /home/ubuntu/workspace/adiaz/practice/array.php on line 42
[13-Sep-2017 19:43:44 UTC] PHP Stack trace:
[13-Sep-2017 19:43:44 UTC] PHP   1. {main}() /home/ubuntu/workspace/adiaz/practice/array.php:0
[13-Sep-2017 19:43:44 UTC] PHP   2. array_values() /home/ubuntu/workspace/adiaz/practice/array.php:42
[13-Sep-2017 19:43:44 UTC] PHP Warning:  array_values() expects parameter 1 to be array, null given in /home/ubuntu/workspace/adiaz/practice/array.php on line 42
[13-Sep-2017 19:43:44 UTC] PHP Stack trace:
[13-Sep-2017 19:43:44 UTC] PHP   1. {main}() /home/ubuntu/workspace/adiaz/practice/array.php:0
[13-Sep-2017 19:43:44 UTC] PHP   2. array_values() /home/ubuntu/workspace/adiaz/practice/array.php:42
[13-Sep-2017 19:43:44 UTC] PHP Warning:  array_values() expects parameter 1 to be array, null given in /home/ubuntu/workspace/adiaz/practice/array.php on line 42
[13-Sep-2017 19:43:44 UTC] PHP Stack trace:
[13-Sep-2017 19:43:44 UTC] PHP   1. {main}() /home/ubuntu/workspace/adiaz/practice/array.php:0
[13-Sep-2017 19:43:44 UTC] PHP   2. array_values() /home/ubuntu/workspace/adiaz/practice/array.php:42
[13-Sep-2017 19:43:44 UTC] PHP Warning:  array_values() expects parameter 1 to be array, null given in /home/ubuntu/workspace/adiaz/practice/array.php on line 42
[13-Sep-2017 19:43:44 UTC] PHP Stack trace:
[13-Sep-2017 19:43:44 UTC] PHP   1. {main}() /home/ubuntu/workspace/adiaz/practice/array.php:0
[13-Sep-2017 19:43:44 UTC] PHP   2. array_values() /home/ubuntu/workspace/adiaz/practice/array.php:42
[13-Sep-2017 19:43:44 UTC] PHP Warning:  array_values() expects parameter 1 to be array, null given in /home/ubuntu/workspace/adiaz/practice/array.php on line 42
[13-Sep-2017 19:43:44 UTC] PHP Stack trace:
[13-Sep-2017 19:43:44 UTC] PHP   1. {main}() /home/ubuntu/workspace/adiaz/practice/array.php:0
[13-Sep-2017 19:43:44 UTC] PHP   2. array_values() /home/ubuntu/workspace/adiaz/practice/array.php:42
[13-Sep-2017 19:43:44 UTC] PHP Warning:  array_values() expects parameter 1 to be array, null given in /home/ubuntu/workspace/adiaz/practice/array.php on line 42
[13-Sep-2017 19:43:44 UTC] PHP Stack trace:
[13-Sep-2017 19:43:44 UTC] PHP   1. {main}() /home/ubuntu/workspace/adiaz/practice/array.php:0
[13-Sep-2017 19:43:44 UTC] PHP   2. array_values() /home/ubuntu/workspace/adiaz/practice/array.php:42
[13-Sep-2017 19:43:44 UTC] PHP Warning:  array_values() expects parameter 1 to be array, null given in /home/ubuntu/workspace/adiaz/practice/array.php on line 42
[13-Sep-2017 19:43:44 UTC] PHP Stack trace:
[13-Sep-2017 19:43:44 UTC] PHP   1. {main}() /home/ubuntu/workspace/adiaz/practice/array.php:0
[13-Sep-2017 19:43:44 UTC] PHP   2. array_values() /home/ubuntu/workspace/adiaz/practice/array.php:42
[13-Sep-2017 19:43:44 UTC] PHP Warning:  array_values() expects parameter 1 to be array, null given in /home/ubuntu/workspace/adiaz/practice/array.php on line 42
[13-Sep-2017 19:43:44 UTC] PHP Stack trace:
[13-Sep-2017 19:43:44 UTC] PHP   1. {main}() /home/ubuntu/workspace/adiaz/practice/array.php:0
[13-Sep-2017 19:43:44 UTC] PHP   2. array_values() /home/ubuntu/workspace/adiaz/practice/array.php:42
[13-Sep-2017 19:43:45 UTC] PHP Warning:  array_values() expects parameter 1 to be array, null given in /home/ubuntu/workspace/adiaz/practice/array.php on line 42
[13-Sep-2017 19:43:45 UTC] PHP Stack trace:
[13-Sep-2017 19:43:45 UTC] PHP   1. {main}() /home/ubuntu/workspace/adiaz/practice/array.php:0
[13-Sep-2017 19:43:45 UTC] PHP   2. array_values() /home/ubuntu/workspace/adiaz/practice/array.php:42
[13-Sep-2017 19:43:45 UTC] PHP Warning:  array_values() expects parameter 1 to be array, null given in /home/ubuntu/workspace/adiaz/practice/array.php on line 42
[13-Sep-2017 19:43:45 UTC] PHP Stack trace:
[13-Sep-2017 19:43:45 UTC] PHP   1. {main}() /home/ubuntu/workspace/adiaz/practice/array.php:0
[13-Sep-2017 19:43:45 UTC] PHP   2. array_values() /home/ubuntu/workspace/adiaz/practice/array.php:42
[13-Sep-2017 19:43:45 UTC] PHP Warning:  array_values() expects parameter 1 to be array, null given in /home/ubuntu/workspace/adiaz/practice/array.php on line 42
[13-Sep-2017 19:43:45 UTC] PHP Stack trace:
[13-Sep-2017 19:43:45 UTC] PHP   1. {main}() /home/ubuntu/workspace/adiaz/practice/array.php:0
[13-Sep-2017 19:43:45 UTC] PHP   2. array_values() /home/ubuntu/workspace/adiaz/practice/array.php:42
[13-Sep-2017 19:43:45 UTC] PHP Warning:  array_values() expects parameter 1 to be array, null given in /home/ubuntu/workspace/adiaz/practice/array.php on line 42
[13-Sep-2017 19:43:45 UTC] PHP Stack trace:
[13-Sep-2017 19:43:45 UTC] PHP   1. {main}() /home/ubuntu/workspace/adiaz/practice/array.php:0
[13-Sep-2017 19:43:45 UTC] PHP   2. array_values() /home/ubuntu/workspace/adiaz/practice/array.php:42
[13-Sep-2017 19:43:45 UTC] PHP Warning:  array_values() expects parameter 1 to be array, null given in /home/ubuntu/workspace/adiaz/practice/array.php on line 42
[13-Sep-2017 19:43:45 UTC] PHP Stack trace:
[13-Sep-2017 19:43:45 UTC] PHP   1. {main}() /home/ubuntu/workspace/adiaz/practice/array.php:0
[13-Sep-2017 19:43:45 UTC] PHP   2. array_values() /home/ubuntu/workspace/adiaz/practice/array.php:42
[13-Sep-2017 19:43:45 UTC] PHP Warning:  array_values() expects parameter 1 to be array, null given in /home/ubuntu/workspace/adiaz/practice/array.php on line 42
[13-Sep-2017 19:43:45 UTC] PHP Stack trace:
[13-Sep-2017 19:43:45 UTC] PHP   1. {main}() /home/ubuntu/workspace/adiaz/practice/array.php:0
[13-Sep-2017 19:43:45 UTC] PHP   2. array_values() /home/ubuntu/workspace/adiaz/practice/array.php:42
[13-Sep-2017 19:43:45 UTC] PHP Warning:  array_values() expects parameter 1 to be array, null given in /home/ubuntu/workspace/adiaz/practice/array.php on line 42
[13-Sep-2017 19:43:45 UTC] PHP Stack trace:
[13-Sep-2017 19:43:45 UTC] PHP   1. {main}() /home/ubuntu/workspace/adiaz/practice/array.php:0
[13-Sep-2017 19:43:45 UTC] PHP   2. array_values() /home/ubuntu/workspace/adiaz/practice/array.php:42
[13-Sep-2017 19:43:45 UTC] PHP Warning:  array_values() expects parameter 1 to be array, null given in /home/ubuntu/workspace/adiaz/practice/array.php on line 42
[13-Sep-2017 19:43:45 UTC] PHP Stack trace:
[13-Sep-2017 19:43:45 UTC] PHP   1. {main}() /home/ubuntu/workspace/adiaz/practice/array.php:0
[13-Sep-2017 19:43:45 UTC] PHP   2. array_values() /home/ubuntu/workspace/adiaz/practice/array.php:42
[13-Sep-2017 19:43:45 UTC] PHP Warning:  array_values() expects parameter 1 to be array, null given in /home/ubuntu/workspace/adiaz/practice/array.php on line 42
[13-Sep-2017 19:43:45 UTC] PHP Stack trace:
[13-Sep-2017 19:43:45 UTC] PHP   1. {main}() /home/ubuntu/workspace/adiaz/practice/array.php:0
[13-Sep-2017 19:43:45 UTC] PHP   2. array_values() /home/ubuntu/workspace/adiaz/practice/array.php:42
[13-Sep-2017 19:43:45 UTC] PHP Warning:  array_values() expects parameter 1 to be array, null given in /home/ubuntu/workspace/adiaz/practice/array.php on line 42
[13-Sep-2017 19:43:45 UTC] PHP Stack trace:
[13-Sep-2017 19:43:45 UTC] PHP   1. {main}() /home/ubuntu/workspace/adiaz/practice/array.php:0
[13-Sep-2017 19:43:45 UTC] PHP   2. array_values() /home/ubuntu/workspace/adiaz/practice/array.php:42
[13-Sep-2017 19:43:45 UTC] PHP Warning:  array_values() expects parameter 1 to be array, null given in /home/ubuntu/workspace/adiaz/practice/array.php on line 42
[13-Sep-2017 19:43:45 UTC] PHP Stack trace:
[13-Sep-2017 19:43:45 UTC] PHP   1. {main}() /home/ubuntu/workspace/adiaz/practice/array.php:0
[13-Sep-2017 19:43:45 UTC] PHP   2. array_values() /home/ubuntu/workspace/adiaz/practice/array.php:42
[13-Sep-2017 19:43:45 UTC] PHP Warning:  array_values() expects parameter 1 to be array, null given in /home/ubuntu/workspace/adiaz/practice/array.php on line 42
[13-Sep-2017 19:43:45 UTC] PHP Stack trace:
[13-Sep-2017 19:43:45 UTC] PHP   1. {main}() /home/ubuntu/workspace/adiaz/practice/array.php:0
[13-Sep-2017 19:43:45 UTC] PHP   2. array_values() /home/ubuntu/workspace/adiaz/practice/array.php:42
[13-Sep-2017 19:43:45 UTC] PHP Warning:  array_values() expects parameter 1 to be array, null given in /home/ubuntu/workspace/adiaz/practice/array.php on line 42
[13-Sep-2017 19:43:45 UTC] PHP Stack trace:
[13-Sep-2017 19:43:45 UTC] PHP   1. {main}() /home/ubuntu/workspace/adiaz/practice/array.php:0
[13-Sep-2017 19:43:45 UTC] PHP   2. array_values() /home/ubuntu/workspace/adiaz/practice/array.php:42
[13-Sep-2017 19:43:45 UTC] PHP Warning:  array_values() expects parameter 1 to be array, null given in /home/ubuntu/workspace/adiaz/practice/array.php on line 42
[13-Sep-2017 19:43:45 UTC] PHP Stack trace:
[13-Sep-2017 19:43:45 UTC] PHP   1. {main}() /home/ubuntu/workspace/adiaz/practice/array.php:0
[13-Sep-2017 19:43:45 UTC] PHP   2. array_values() /home/ubuntu/workspace/adiaz/practice/array.php:42
[13-Sep-2017 19:43:45 UTC] PHP Warning:  array_values() expects parameter 1 to be array, null given in /home/ubuntu/workspace/adiaz/practice/array.php on line 42
[13-Sep-2017 19:43:45 UTC] PHP Stack trace:
[13-Sep-2017 19:43:45 UTC] PHP   1. {main}() /home/ubuntu/workspace/adiaz/practice/array.php:0
[13-Sep-2017 19:43:45 UTC] PHP   2. array_values() /home/ubuntu/workspace/adiaz/practice/array.php:42
[13-Sep-2017 19:43:46 UTC] PHP Warning:  array_values() expects parameter 1 to be array, null given in /home/ubuntu/workspace/adiaz/practice/array.php on line 42
[13-Sep-2017 19:43:46 UTC] PHP Stack trace:
[13-Sep-2017 19:43:46 UTC] PHP   1. {main}() /home/ubuntu/workspace/adiaz/practice/array.php:0
[13-Sep-2017 19:43:46 UTC] PHP   2. array_values() /home/ubuntu/workspace/adiaz/practice/array.php:42
[13-Sep-2017 19:43:46 UTC] PHP Warning:  array_values() expects parameter 1 to be array, null given in /home/ubuntu/workspace/adiaz/practice/array.php on line 42
[13-Sep-2017 19:43:46 UTC] PHP Stack trace:
[13-Sep-2017 19:43:46 UTC] PHP   1. {main}() /home/ubuntu/workspace/adiaz/practice/array.php:0
[13-Sep-2017 19:43:46 UTC] PHP   2. array_values() /home/ubuntu/workspace/adiaz/practice/array.php:42
[13-Sep-2017 19:43:46 UTC] PHP Warning:  array_values() expects parameter 1 to be array, null given in /home/ubuntu/workspace/adiaz/practice/array.php on line 42
[13-Sep-2017 19:43:46 UTC] PHP Stack trace:
[13-Sep-2017 19:43:46 UTC] PHP   1. {main}() /home/ubuntu/workspace/adiaz/practice/array.php:0
[13-Sep-2017 19:43:46 UTC] PHP   2. array_values() /home/ubuntu/workspace/adiaz/practice/array.php:42
[13-Sep-2017 19:43:46 UTC] PHP Warning:  array_values() expects parameter 1 to be array, null given in /home/ubuntu/workspace/adiaz/practice/array.php on line 42
[13-Sep-2017 19:43:46 UTC] PHP Stack trace:
[13-Sep-2017 19:43:46 UTC] PHP   1. {main}() /home/ubuntu/workspace/adiaz/practice/array.php:0
[13-Sep-2017 19:43:46 UTC] PHP   2. array_values() /home/ubuntu/workspace/adiaz/practice/array.php:42
[13-Sep-2017 19:43:46 UTC] PHP Warning:  array_values() expects parameter 1 to be array, null given in /home/ubuntu/workspace/adiaz/practice/array.php on line 42
[13-Sep-2017 19:43:46 UTC] PHP Stack trace:
[13-Sep-2017 19:43:46 UTC] PHP   1. {main}() /home/ubuntu/workspace/adiaz/practice/array.php:0
[13-Sep-2017 19:43:46 UTC] PHP   2. array_values() /home/ubuntu/workspace/adiaz/practice/array.php:42
[13-Sep-2017 19:43:46 UTC] PHP Warning:  array_values() expects parameter 1 to be array, null given in /home/ubuntu/workspace/adiaz/practice/array.php on line 42
[13-Sep-2017 19:43:46 UTC] PHP Stack trace:
[13-Sep-2017 19:43:46 UTC] PHP   1. {main}() /home/ubuntu/workspace/adiaz/practice/array.php:0
[13-Sep-2017 19:43:46 UTC] PHP   2. array_values() /home/ubuntu/workspace/adiaz/practice/array.php:42
[13-Sep-2017 19:43:47 UTC] PHP Warning:  array_values() expects parameter 1 to be array, null given in /home/ubuntu/workspace/adiaz/practice/array.php on line 42
[13-Sep-2017 19:43:47 UTC] PHP Stack trace:
[13-Sep-2017 19:43:47 UTC] PHP   1. {main}() /home/ubuntu/workspace/adiaz/practice/array.php:0
[13-Sep-2017 19:43:47 UTC] PHP   2. array_values() /home/ubuntu/workspace/adiaz/practice/array.php:42
[13-Sep-2017 19:43:47 UTC] PHP Warning:  array_values() expects parameter 1 to be array, null given in /home/ubuntu/workspace/adiaz/practice/array.php on line 42
[13-Sep-2017 19:43:47 UTC] PHP Stack trace:
[13-Sep-2017 19:43:47 UTC] PHP   1. {main}() /home/ubuntu/workspace/adiaz/practice/array.php:0
[13-Sep-2017 19:43:47 UTC] PHP   2. array_values() /home/ubuntu/workspace/adiaz/practice/array.php:42
[13-Sep-2017 19:43:47 UTC] PHP Warning:  array_values() expects parameter 1 to be array, null given in /home/ubuntu/workspace/adiaz/practice/array.php on line 42
[13-Sep-2017 19:43:47 UTC] PHP Stack trace:
[13-Sep-2017 19:43:47 UTC] PHP   1. {main}() /home/ubuntu/workspace/adiaz/practice/array.php:0
[13-Sep-2017 19:43:47 UTC] PHP   2. array_values() /home/ubuntu/workspace/adiaz/practice/array.php:42
[13-Sep-2017 19:45:22 UTC] PHP Fatal error:  Unsupported operand types in /home/ubuntu/workspace/adiaz/practice/array.php on line 47
[13-Sep-2017 19:45:22 UTC] PHP Stack trace:
[13-Sep-2017 19:45:22 UTC] PHP   1. {main}() /home/ubuntu/workspace/adiaz/practice/array.php:0
[13-Sep-2017 19:45:22 UTC] PHP Fatal error:  Unsupported operand types in /home/ubuntu/workspace/adiaz/practice/array.php on line 47
[13-Sep-2017 19:45:22 UTC] PHP Stack trace:
[13-Sep-2017 19:45:22 UTC] PHP   1. {main}() /home/ubuntu/workspace/adiaz/practice/array.php:0
[13-Sep-2017 19:45:22 UTC] PHP Fatal error:  Unsupported operand types in /home/ubuntu/workspace/adiaz/practice/array.php on line 47
[13-Sep-2017 19:45:22 UTC] PHP Stack trace:
[13-Sep-2017 19:45:22 UTC] PHP   1. {main}() /home/ubuntu/workspace/adiaz/practice/array.php:0
[13-Sep-2017 19:45:23 UTC] PHP Fatal error:  Unsupported operand types in /home/ubuntu/workspace/adiaz/practice/array.php on line 47
[13-Sep-2017 19:45:23 UTC] PHP Stack trace:
[13-Sep-2017 19:45:23 UTC] PHP   1. {main}() /home/ubuntu/workspace/adiaz/practice/array.php:0
[13-Sep-2017 19:45:23 UTC] PHP Fatal error:  Unsupported operand types in /home/ubuntu/workspace/adiaz/practice/array.php on line 47
[13-Sep-2017 19:45:23 UTC] PHP Stack trace:
[13-Sep-2017 19:45:23 UTC] PHP   1. {main}() /home/ubuntu/workspace/adiaz/practice/array.php:0
[13-Sep-2017 19:45:23 UTC] PHP Fatal error:  Unsupported operand types in /home/ubuntu/workspace/adiaz/practice/array.php on line 47
[13-Sep-2017 19:45:23 UTC] PHP Stack trace:
[13-Sep-2017 19:45:23 UTC] PHP   1. {main}() /home/ubuntu/workspace/adiaz/practice/array.php:0
[13-Sep-2017 19:45:24 UTC] PHP Fatal error:  Unsupported operand types in /home/ubuntu/workspace/adiaz/practice/array.php on line 47
[13-Sep-2017 19:45:24 UTC] PHP Stack trace:
[13-Sep-2017 19:45:24 UTC] PHP   1. {main}() /home/ubuntu/workspace/adiaz/practice/array.php:0
