[14-Nov-2017 04:53:10 UTC] PHP Warning:  include(../dbConnection.php): failed to open stream: No such file or directory in /home/ubuntu/workspace/adiaz/Funsies/secretSanta/login.php on line 5
[14-Nov-2017 04:53:10 UTC] PHP Stack trace:
[14-Nov-2017 04:53:10 UTC] PHP   1. {main}() /home/ubuntu/workspace/adiaz/Funsies/secretSanta/login.php:0
[14-Nov-2017 04:53:10 UTC] PHP   2. isPressed() /home/ubuntu/workspace/adiaz/Funsies/secretSanta/login.php:126
[14-Nov-2017 04:53:10 UTC] PHP   3. getInfo() /home/ubuntu/workspace/adiaz/Funsies/secretSanta/login.php:46
[14-Nov-2017 04:53:10 UTC] PHP Warning:  include(): Failed opening '../dbConnection.php' for inclusion (include_path='.:/usr/share/php:/usr/share/pear') in /home/ubuntu/workspace/adiaz/Funsies/secretSanta/login.php on line 5
[14-Nov-2017 04:53:10 UTC] PHP Stack trace:
[14-Nov-2017 04:53:10 UTC] PHP   1. {main}() /home/ubuntu/workspace/adiaz/Funsies/secretSanta/login.php:0
[14-Nov-2017 04:53:10 UTC] PHP   2. isPressed() /home/ubuntu/workspace/adiaz/Funsies/secretSanta/login.php:126
[14-Nov-2017 04:53:10 UTC] PHP   3. getInfo() /home/ubuntu/workspace/adiaz/Funsies/secretSanta/login.php:46
[14-Nov-2017 04:53:10 UTC] PHP Fatal error:  Call to undefined function getDatabaseConnection() in /home/ubuntu/workspace/adiaz/Funsies/secretSanta/login.php on line 6
[14-Nov-2017 04:53:10 UTC] PHP Stack trace:
[14-Nov-2017 04:53:10 UTC] PHP   1. {main}() /home/ubuntu/workspace/adiaz/Funsies/secretSanta/login.php:0
[14-Nov-2017 04:53:10 UTC] PHP   2. isPressed() /home/ubuntu/workspace/adiaz/Funsies/secretSanta/login.php:126
[14-Nov-2017 04:53:10 UTC] PHP   3. getInfo() /home/ubuntu/workspace/adiaz/Funsies/secretSanta/login.php:46
[14-Nov-2017 04:53:44 UTC] PHP Fatal error:  Uncaught exception 'PDOException' with message 'SQLSTATE[42S02]: Base table or view not found: 1146 Table 'tcp.secretsanta' doesn't exist' in /home/ubuntu/workspace/adiaz/Funsies/secretSanta/login.php:21
Stack trace:
#0 /home/ubuntu/workspace/adiaz/Funsies/secretSanta/login.php(21): PDOStatement->execute(Array)
#1 /home/ubuntu/workspace/adiaz/Funsies/secretSanta/login.php(46): getInfo()
#2 /home/ubuntu/workspace/adiaz/Funsies/secretSanta/login.php(126): isPressed()
#3 {main}
  thrown in /home/ubuntu/workspace/adiaz/Funsies/secretSanta/login.php on line 21
