[22-Sep-2017 20:03:15 UTC] PHP Parse error:  syntax error, unexpected '"<br />"' (T_CONSTANT_ENCAPSED_STRING), expecting ',' or ';' in /home/ubuntu/workspace/adiaz/labs/lab4/index.php on line 7
[22-Sep-2017 20:20:26 UTC] PHP Fatal error:  Maximum execution time of 300 seconds exceeded in /home/ubuntu/workspace/adiaz/labs/lab4/index.php on line 18
[22-Sep-2017 20:20:26 UTC] PHP Stack trace:
[22-Sep-2017 20:20:26 UTC] PHP   1. {main}() /home/ubuntu/workspace/adiaz/labs/lab4/index.php:0
[24-Sep-2017 20:09:32 UTC] PHP Parse error:  syntax error, unexpected 'submit' (T_STRING), expecting ',' or ';' in /home/ubuntu/workspace/adiaz/labs/lab3/index.php on line 36
[26-Sep-2017 18:22:03 UTC] PHP Parse error:  syntax error, unexpected '>' in /home/ubuntu/workspace/adiaz/labs/lab4/index.php on line 29
[26-Sep-2017 18:51:15 UTC] PHP Parse error:  syntax error, unexpected end of file in /home/ubuntu/workspace/adiaz/labs/lab4/index.php on line 52
[26-Sep-2017 18:59:48 UTC] PHP Parse error:  syntax error, unexpected '$backgroundImage' (T_VARIABLE), expecting ',' or ';' in /home/ubuntu/workspace/adiaz/labs/lab4/index.php on line 7
[26-Sep-2017 19:06:08 UTC] PHP Fatal error:  Maximum execution time of 300 seconds exceeded in /home/ubuntu/workspace/adiaz/labs/lab4/index.php on line 16
[26-Sep-2017 19:06:08 UTC] PHP Stack trace:
[26-Sep-2017 19:06:08 UTC] PHP   1. {main}() /home/ubuntu/workspace/adiaz/labs/lab4/index.php:0
[26-Sep-2017 19:18:25 UTC] PHP Fatal error:  Maximum execution time of 300 seconds exceeded in /home/ubuntu/workspace/adiaz/labs/lab4/index.php on line 18
[26-Sep-2017 19:18:25 UTC] PHP Stack trace:
[26-Sep-2017 19:18:25 UTC] PHP   1. {main}() /home/ubuntu/workspace/adiaz/labs/lab4/index.php:0
[27-Sep-2017 20:43:25 UTC] PHP Parse error:  syntax error, unexpected end of file in /home/ubuntu/workspace/adiaz/labs/lab4/index.php on line 99
[27-Sep-2017 20:43:26 UTC] PHP Parse error:  syntax error, unexpected end of file in /home/ubuntu/workspace/adiaz/labs/lab4/index.php on line 99
[27-Sep-2017 20:43:27 UTC] PHP Parse error:  syntax error, unexpected end of file in /home/ubuntu/workspace/adiaz/labs/lab4/index.php on line 99
[27-Sep-2017 20:45:35 UTC] PHP Parse error:  syntax error, unexpected end of file in /home/ubuntu/workspace/adiaz/labs/lab4/index.php on line 99
[27-Sep-2017 20:49:10 UTC] PHP Parse error:  syntax error, unexpected '/' in /home/ubuntu/workspace/adiaz/labs/lab4/index.php on line 76
[27-Sep-2017 21:12:28 UTC] PHP Fatal error:  Maximum execution time of 300 seconds exceeded in /home/ubuntu/workspace/adiaz/labs/lab4/index.php on line 27
[27-Sep-2017 21:12:28 UTC] PHP Stack trace:
[27-Sep-2017 21:12:28 UTC] PHP   1. {main}() /home/ubuntu/workspace/adiaz/labs/lab4/index.php:0
[27-Sep-2017 21:15:04 UTC] PHP Fatal error:  Maximum execution time of 300 seconds exceeded in /home/ubuntu/workspace/adiaz/labs/lab4/index.php on line 27
[27-Sep-2017 21:15:04 UTC] PHP Stack trace:
[27-Sep-2017 21:15:04 UTC] PHP   1. {main}() /home/ubuntu/workspace/adiaz/labs/lab4/index.php:0
[27-Sep-2017 21:49:07 UTC] PHP Fatal error:  Maximum execution time of 300 seconds exceeded in /home/ubuntu/workspace/adiaz/labs/lab4/index.php on line 47
[27-Sep-2017 21:49:07 UTC] PHP Stack trace:
[27-Sep-2017 21:49:07 UTC] PHP   1. {main}() /home/ubuntu/workspace/adiaz/labs/lab4/index.php:0
[27-Sep-2017 21:49:24 UTC] PHP Fatal error:  Maximum execution time of 300 seconds exceeded in /home/ubuntu/workspace/adiaz/labs/lab4/index.php on line 47
[27-Sep-2017 21:49:24 UTC] PHP Stack trace:
[27-Sep-2017 21:49:24 UTC] PHP   1. {main}() /home/ubuntu/workspace/adiaz/labs/lab4/index.php:0
[29-Sep-2017 19:54:16 UTC] PHP Parse error:  syntax error, unexpected '>' in /home/ubuntu/workspace/adiaz/labs/lab4/index.php on line 69
[29-Sep-2017 20:29:49 UTC] PHP Fatal error:  Maximum execution time of 300 seconds exceeded in /home/ubuntu/workspace/adiaz/labs/lab4/index.php on line 101
[29-Sep-2017 20:29:49 UTC] PHP Stack trace:
[29-Sep-2017 20:29:49 UTC] PHP   1. {main}() /home/ubuntu/workspace/adiaz/labs/lab4/index.php:0
[01-Oct-2017 18:05:12 UTC] PHP Fatal error:  Maximum execution time of 300 seconds exceeded in /home/ubuntu/workspace/adiaz/labs/lab4/index.php on line 120
[01-Oct-2017 18:05:12 UTC] PHP Stack trace:
[01-Oct-2017 18:05:12 UTC] PHP   1. {main}() /home/ubuntu/workspace/adiaz/labs/lab4/index.php:0
[01-Oct-2017 18:05:12 UTC] PHP   2. rand() /home/ubuntu/workspace/adiaz/labs/lab4/index.php:120
[13-Oct-2017 19:21:33 UTC] PHP Fatal error:  Call to undefined function usersWithanA() in /home/ubuntu/workspace/adiaz/labs/lab5/index.php on line 28
[13-Oct-2017 19:21:33 UTC] PHP Stack trace:
[13-Oct-2017 19:21:33 UTC] PHP   1. {main}() /home/ubuntu/workspace/adiaz/labs/lab5/index.php:0
[13-Oct-2017 19:22:05 UTC] PHP Fatal error:  Call to undefined function usersWithanA() in /home/ubuntu/workspace/adiaz/labs/lab5/index.php on line 28
[13-Oct-2017 19:22:05 UTC] PHP Stack trace:
[13-Oct-2017 19:22:05 UTC] PHP   1. {main}() /home/ubuntu/workspace/adiaz/labs/lab5/index.php:0
[13-Oct-2017 19:32:33 UTC] PHP Fatal error:  Cannot use [] for reading in /home/ubuntu/workspace/adiaz/labs/lab5/index.php on line 182
[13-Oct-2017 19:35:03 UTC] PHP Fatal error:  Uncaught exception 'PDOException' with message 'SQLSTATE[HY093]: Invalid parameter number: no parameters were bound' in /home/ubuntu/workspace/adiaz/labs/lab5/index.php:195
Stack trace:
#0 /home/ubuntu/workspace/adiaz/labs/lab5/index.php(195): PDOStatement->execute()
#1 /home/ubuntu/workspace/adiaz/labs/lab5/index.php(232): displayDevices()
#2 {main}
  thrown in /home/ubuntu/workspace/adiaz/labs/lab5/index.php on line 195
[13-Oct-2017 20:25:08 UTC] PHP Fatal error:  Access to undeclared static property: PDO::$FETCH_ASSOC in /home/ubuntu/workspace/adiaz/labs/lab5/index.php on line 72
[13-Oct-2017 20:25:08 UTC] PHP Stack trace:
[13-Oct-2017 20:25:08 UTC] PHP   1. {main}() /home/ubuntu/workspace/adiaz/labs/lab5/index.php:0
[13-Oct-2017 20:25:08 UTC] PHP   2. displayDevices() /home/ubuntu/workspace/adiaz/labs/lab5/index.php:120
[13-Oct-2017 20:28:18 UTC] PHP Parse error:  syntax error, unexpected '.' in /home/ubuntu/workspace/adiaz/labs/lab5/checkoutHistory.php on line 23
